info it worked if it ends with ok
verbose cli [ 'node', '/usr/local/bin/npm', 'start' ]
info using npm@1.1.0-3
info using node@v0.6.9
verbose config file /Users/Kate/.npmrc
verbose config file /usr/local/etc/npmrc
verbose config file /usr/local/n/versions/0.6.9/lib/node_modules/npm/npmrc
verbose caching /Users/Kate/Tim/node/class/nl-workshop1-app/package.json
verbose loadDefaults application-name@0.0.1
verbose run-script [ 'prestart', 'start', 'poststart' ]
info prestart application-name@0.0.1
info start application-name@0.0.1
verbose unsafe-perm in lifecycle true
silly exec sh "-c" "node app"
silly spawning [ 'sh',
silly spawning   [ '-c', 'node app' ],
silly spawning   '/Users/Kate/Tim/node/class/nl-workshop1-app' ]
info application-name@0.0.1 Failed to exec start script
ERR! application-name@0.0.1 start: `node app`
ERR! `sh "-c" "node app"` failed with 1
ERR! 
ERR! Failed at the application-name@0.0.1 start script.
ERR! This is most likely a problem with the application-name package,
ERR! not with npm itself.
ERR! Tell the author that this fails on your system:
ERR!     node app
ERR! You can get their info via:
ERR!     npm owner ls application-name
ERR! There is likely additional logging output above.
ERR! 
ERR! System Darwin 12.2.0
ERR! command "node" "/usr/local/bin/npm" "start"
ERR! cwd /Users/Kate/Tim/node/class/nl-workshop1-app
ERR! node -v v0.6.9
ERR! npm -v 1.1.0-3
ERR! code ELIFECYCLE
ERR! message application-name@0.0.1 start: `node app`
ERR! message `sh "-c" "node app"` failed with 1
ERR! errno {}
verbose exit [ 1, true ]
